2020-04-12 17:32:56.6901|INFO|Microsoft.AspNetCore.DataProtection.KeyManagement.XmlKeyManager|User profile is available. Using 'C:\Users\23490\AppData\Local\ASP.NET\DataProtection-Keys' as key repository and Windows DPAPI to encrypt keys at rest.
2020-04-12 17:33:02.8715|INFO|Microsoft.AspNetCore.Hosting.Internal.WebHost|Request starting HTTP/1.1 GET https://localhost:5001/  
2020-04-12 17:33:03.1033|INFO|Microsoft.AspNetCore.Hosting.Internal.WebHost|Request finished in 231.5065ms 301 
2020-04-12 17:33:03.1101|INFO|Microsoft.AspNetCore.Hosting.Internal.WebHost|Request starting HTTP/1.1 GET https://localhost:5001/index.html  
2020-04-12 17:33:03.5529|INFO|Microsoft.AspNetCore.Hosting.Internal.WebHost|Request finished in 442.3189ms 200 text/html;charset=utf-8
2020-04-12 17:33:03.6113|INFO|Microsoft.AspNetCore.Hosting.Internal.WebHost|Request starting HTTP/1.1 GET https://localhost:5001/swagger-ui.css  
2020-04-12 17:33:03.6113|INFO|Microsoft.AspNetCore.Hosting.Internal.WebHost|Request starting HTTP/1.1 GET https://localhost:5001/swagger-ui-bundle.js  
2020-04-12 17:33:03.6647|INFO|Microsoft.AspNetCore.Hosting.Internal.WebHost|Request starting HTTP/1.1 GET https://localhost:5001/swagger-ui-standalone-preset.js  
2020-04-12 17:33:03.8084|INFO|Microsoft.AspNetCore.StaticFiles.StaticFileMiddleware|Sending file. Request path: '/swagger-ui.css'. Physical path: 'N/A'
2020-04-12 17:33:03.8692|INFO|Microsoft.AspNetCore.StaticFiles.StaticFileMiddleware|Sending file. Request path: '/swagger-ui-standalone-preset.js'. Physical path: 'N/A'
2020-04-12 17:33:03.8910|INFO|Microsoft.AspNetCore.Hosting.Internal.WebHost|Request finished in 203.8698ms 200 text/css
2020-04-12 17:33:03.8910|INFO|Microsoft.AspNetCore.StaticFiles.StaticFileMiddleware|Sending file. Request path: '/swagger-ui-bundle.js'. Physical path: 'N/A'
2020-04-12 17:33:03.8910|INFO|Microsoft.AspNetCore.Hosting.Internal.WebHost|Request finished in 232.8581ms 200 application/javascript
2020-04-12 17:33:03.9560|INFO|Microsoft.AspNetCore.Hosting.Internal.WebHost|Request finished in 298.4427ms 200 application/javascript
2020-04-12 17:33:04.6877|INFO|Microsoft.AspNetCore.Hosting.Internal.WebHost|Request starting HTTP/1.1 GET https://localhost:5001/swagger/v1/swagger.json  
2020-04-12 17:33:05.0484|INFO|Microsoft.AspNetCore.Hosting.Internal.WebHost|Request starting HTTP/1.1 GET https://localhost:5001/swagger-ui-bundle.js.map  
2020-04-12 17:33:05.0621|INFO|Microsoft.AspNetCore.Hosting.Internal.WebHost|Request starting HTTP/1.1 GET https://localhost:5001/swagger-ui-standalone-preset.js.map  
2020-04-12 17:33:05.3701|INFO|Microsoft.AspNetCore.Hosting.Internal.WebHost|Request finished in 361.7692ms 404 
2020-04-12 17:33:05.4036|INFO|Microsoft.AspNetCore.Hosting.Internal.WebHost|Request finished in 374.9705ms 404 
2020-04-12 17:33:05.4186|INFO|Microsoft.AspNetCore.Hosting.Internal.WebHost|Request starting HTTP/1.1 GET https://127.0.0.1:5001/swagger-ui-bundle.js.map  
2020-04-12 17:33:05.4208|INFO|Microsoft.AspNetCore.Hosting.Internal.WebHost|Request starting HTTP/1.1 GET https://127.0.0.1:5001/swagger-ui-standalone-preset.js.map  
2020-04-12 17:33:05.4208|INFO|Microsoft.AspNetCore.Hosting.Internal.WebHost|Request finished in 15.9734ms 404 
2020-04-12 17:33:05.4382|INFO|Microsoft.AspNetCore.Hosting.Internal.WebHost|Request finished in 28.1824ms 404 
2020-04-12 17:33:05.6920|INFO|Microsoft.AspNetCore.Hosting.Internal.WebHost|Request finished in 978.6458ms 200 application/json;charset=utf-8
2020-04-12 17:34:30.7048|INFO|Microsoft.AspNetCore.Hosting.Internal.WebHost|Request starting HTTP/1.1 GET https://localhost:5001/api/v1/books  
2020-04-12 17:34:30.7345|INFO|Microsoft.AspNetCore.Routing.EndpointMiddleware|Executing endpoint 'LibraryAssistant.API.Controllers.v1.BooksController.GetAllBooks (LibraryAssistant.API)'
2020-04-12 17:34:30.7926|INFO|Microsoft.AspNetCore.Mvc.Internal.ControllerActionInvoker|Route matched with {action = "GetAllBooks", controller = "Books", page = "", area = ""}. Executing controller action with signature System.Threading.Tasks.Task`1[Microsoft.AspNetCore.Mvc.IActionResult] GetAllBooks(LibraryAssistant.Core.Models.Requests.Books.BooksRequestParams) on controller LibraryAssistant.API.Controllers.v1.BooksController (LibraryAssistant.API).
2020-04-12 17:34:30.8279|INFO|Microsoft.AspNetCore.Authorization.DefaultAuthorizationService|Authorization failed.
2020-04-12 17:34:30.8363|INFO|Microsoft.AspNetCore.Mvc.Internal.ControllerActionInvoker|Authorization failed for the request at filter 'Microsoft.AspNetCore.Mvc.Authorization.AuthorizeFilter'.
2020-04-12 17:34:30.8743|INFO|Microsoft.AspNetCore.Mvc.ChallengeResult|Executing ChallengeResult with authentication schemes ().
2020-04-12 17:34:30.8950|INFO|Microsoft.AspNetCore.Authentication.JwtBearer.JwtBearerHandler|AuthenticationScheme: Bearer was challenged.
2020-04-12 17:34:30.9115|INFO|Microsoft.AspNetCore.Mvc.Internal.ControllerActionInvoker|Executed action LibraryAssistant.API.Controllers.v1.BooksController.GetAllBooks (LibraryAssistant.API) in 98.2503ms
2020-04-12 17:34:30.9115|INFO|Microsoft.AspNetCore.Routing.EndpointMiddleware|Executed endpoint 'LibraryAssistant.API.Controllers.v1.BooksController.GetAllBooks (LibraryAssistant.API)'
2020-04-12 17:34:30.9284|INFO|Microsoft.AspNetCore.Hosting.Internal.WebHost|Request finished in 223.3751ms 401 
2020-04-12 17:54:39.1343|INFO|Microsoft.AspNetCore.DataProtection.KeyManagement.XmlKeyManager|User profile is available. Using 'C:\Users\23490\AppData\Local\ASP.NET\DataProtection-Keys' as key repository and Windows DPAPI to encrypt keys at rest.
2020-04-12 17:54:43.1514|INFO|Microsoft.AspNetCore.Hosting.Internal.WebHost|Request starting HTTP/1.1 GET https://localhost:5001/  
2020-04-12 17:54:43.2836|INFO|Microsoft.AspNetCore.Hosting.Internal.WebHost|Request finished in 123.8572ms 301 
2020-04-12 17:54:43.3099|INFO|Microsoft.AspNetCore.Hosting.Internal.WebHost|Request starting HTTP/1.1 GET https://localhost:5001/index.html  
2020-04-12 17:54:43.6478|INFO|Microsoft.AspNetCore.Hosting.Internal.WebHost|Request finished in 355.3734ms 200 text/html;charset=utf-8
2020-04-12 17:54:43.7566|INFO|Microsoft.AspNetCore.Hosting.Internal.WebHost|Request starting HTTP/1.1 GET https://localhost:5001/swagger-ui.css  
2020-04-12 17:54:43.7903|INFO|Microsoft.AspNetCore.Hosting.Internal.WebHost|Request starting HTTP/1.1 GET https://localhost:5001/swagger-ui-bundle.js  
2020-04-12 17:54:43.8166|INFO|Microsoft.AspNetCore.Hosting.Internal.WebHost|Request starting HTTP/1.1 GET https://localhost:5001/swagger-ui-standalone-preset.js  
2020-04-12 17:54:43.9120|INFO|Microsoft.AspNetCore.StaticFiles.StaticFileMiddleware|Sending file. Request path: '/swagger-ui-bundle.js'. Physical path: 'N/A'
2020-04-12 17:54:43.9120|INFO|Microsoft.AspNetCore.StaticFiles.StaticFileMiddleware|Sending file. Request path: '/swagger-ui-standalone-preset.js'. Physical path: 'N/A'
2020-04-12 17:54:43.9184|INFO|Microsoft.AspNetCore.StaticFiles.StaticFileMiddleware|Sending file. Request path: '/swagger-ui.css'. Physical path: 'N/A'
2020-04-12 17:54:43.9184|INFO|Microsoft.AspNetCore.Hosting.Internal.WebHost|Request finished in 151.251ms 200 application/javascript
2020-04-12 17:54:43.9184|INFO|Microsoft.AspNetCore.Hosting.Internal.WebHost|Request finished in 182.0095ms 200 text/css
2020-04-12 17:54:43.9374|INFO|Microsoft.AspNetCore.Hosting.Internal.WebHost|Request finished in 118.5178ms 200 application/javascript
2020-04-12 17:54:44.9211|INFO|Microsoft.AspNetCore.Hosting.Internal.WebHost|Request starting HTTP/1.1 GET https://localhost:5001/swagger/v1/swagger.json  
2020-04-12 17:54:45.0580|INFO|Microsoft.AspNetCore.Hosting.Internal.WebHost|Request starting HTTP/1.1 GET https://localhost:5001/swagger-ui-bundle.js.map  
2020-04-12 17:54:45.0580|INFO|Microsoft.AspNetCore.Hosting.Internal.WebHost|Request starting HTTP/1.1 GET https://localhost:5001/swagger-ui-standalone-preset.js.map  
2020-04-12 17:54:45.3541|INFO|Microsoft.AspNetCore.Hosting.Internal.WebHost|Request finished in 308.81ms 404 
2020-04-12 17:54:45.3816|INFO|Microsoft.AspNetCore.Hosting.Internal.WebHost|Request finished in 320.352ms 404 
2020-04-12 17:54:45.4137|INFO|Microsoft.AspNetCore.Hosting.Internal.WebHost|Request starting HTTP/1.1 GET https://127.0.0.1:5001/swagger-ui-bundle.js.map  
2020-04-12 17:54:45.4298|INFO|Microsoft.AspNetCore.Hosting.Internal.WebHost|Request finished in 12.612ms 404 
2020-04-12 17:54:45.4333|INFO|Microsoft.AspNetCore.Hosting.Internal.WebHost|Request starting HTTP/1.1 GET https://127.0.0.1:5001/swagger-ui-standalone-preset.js.map  
2020-04-12 17:54:45.4522|INFO|Microsoft.AspNetCore.Hosting.Internal.WebHost|Request finished in 18.0609ms 404 
2020-04-12 17:54:45.7369|INFO|Microsoft.AspNetCore.Hosting.Internal.WebHost|Request finished in 837.1018ms 200 application/json;charset=utf-8
2020-04-12 17:57:25.1627|INFO|Microsoft.AspNetCore.DataProtection.KeyManagement.XmlKeyManager|User profile is available. Using 'C:\Users\23490\AppData\Local\ASP.NET\DataProtection-Keys' as key repository and Windows DPAPI to encrypt keys at rest.
2020-04-12 17:57:29.4789|INFO|Microsoft.AspNetCore.Hosting.Internal.WebHost|Request starting HTTP/1.1 GET https://localhost:5001/  
2020-04-12 17:57:29.6608|INFO|Microsoft.AspNetCore.Hosting.Internal.WebHost|Request finished in 174.4548ms 301 
2020-04-12 17:57:29.6694|INFO|Microsoft.AspNetCore.Hosting.Internal.WebHost|Request starting HTTP/1.1 GET https://localhost:5001/index.html  
2020-04-12 17:57:30.0824|INFO|Microsoft.AspNetCore.Hosting.Internal.WebHost|Request finished in 406.8719ms 200 text/html;charset=utf-8
2020-04-12 17:57:30.3340|INFO|Microsoft.AspNetCore.Hosting.Internal.WebHost|Request starting HTTP/1.1 GET https://localhost:5001/swagger-ui.css  
2020-04-12 17:57:30.8253|INFO|Microsoft.AspNetCore.StaticFiles.StaticFileMiddleware|Sending file. Request path: '/swagger-ui.css'. Physical path: 'N/A'
2020-04-12 17:57:30.8556|INFO|Microsoft.AspNetCore.Hosting.Internal.WebHost|Request finished in 579.0911ms 200 text/css
2020-04-12 17:57:30.9749|INFO|Microsoft.AspNetCore.Hosting.Internal.WebHost|Request starting HTTP/1.1 GET https://localhost:5001/swagger-ui-bundle.js  
2020-04-12 17:57:31.0160|INFO|Microsoft.AspNetCore.StaticFiles.StaticFileMiddleware|Sending file. Request path: '/swagger-ui-bundle.js'. Physical path: 'N/A'
2020-04-12 17:57:31.0343|INFO|Microsoft.AspNetCore.Hosting.Internal.WebHost|Request finished in 48.7622ms 200 application/javascript
2020-04-12 17:57:31.1225|INFO|Microsoft.AspNetCore.Hosting.Internal.WebHost|Request starting HTTP/1.1 GET https://localhost:5001/swagger-ui-standalone-preset.js  
2020-04-12 17:57:31.1955|INFO|Microsoft.AspNetCore.StaticFiles.StaticFileMiddleware|Sending file. Request path: '/swagger-ui-standalone-preset.js'. Physical path: 'N/A'
2020-04-12 17:57:31.2290|INFO|Microsoft.AspNetCore.Hosting.Internal.WebHost|Request finished in 88.2766ms 200 application/javascript
2020-04-12 17:57:32.2757|INFO|Microsoft.AspNetCore.Hosting.Internal.WebHost|Request starting HTTP/1.1 GET https://localhost:5001/swagger/v1/swagger.json  
2020-04-12 17:57:32.5026|INFO|Microsoft.AspNetCore.Hosting.Internal.WebHost|Request starting HTTP/1.1 GET https://localhost:5001/swagger-ui-standalone-preset.js.map  
2020-04-12 17:57:32.5309|INFO|Microsoft.AspNetCore.Hosting.Internal.WebHost|Request starting HTTP/1.1 GET https://localhost:5001/swagger-ui-bundle.js.map  
2020-04-12 17:57:32.8588|INFO|Microsoft.AspNetCore.Hosting.Internal.WebHost|Request finished in 401.2919ms 404 
2020-04-12 17:57:32.8817|INFO|Microsoft.AspNetCore.Hosting.Internal.WebHost|Request finished in 407.0078ms 404 
2020-04-12 17:57:32.9394|INFO|Microsoft.AspNetCore.Hosting.Internal.WebHost|Request starting HTTP/1.1 GET https://127.0.0.1:5001/swagger-ui-bundle.js.map  
2020-04-12 17:57:32.9649|INFO|Microsoft.AspNetCore.Hosting.Internal.WebHost|Request starting HTTP/1.1 GET https://127.0.0.1:5001/swagger-ui-standalone-preset.js.map  
2020-04-12 17:57:32.9872|INFO|Microsoft.AspNetCore.Hosting.Internal.WebHost|Request finished in 55.4438ms 404 
2020-04-12 17:57:32.9872|INFO|Microsoft.AspNetCore.Hosting.Internal.WebHost|Request finished in 31.0847ms 404 
2020-04-12 17:57:33.1509|INFO|Microsoft.AspNetCore.Hosting.Internal.WebHost|Request finished in 863.0276ms 200 application/json;charset=utf-8
2020-04-12 17:58:17.9550|INFO|Microsoft.AspNetCore.Hosting.Internal.WebHost|Request starting HTTP/1.1 GET https://localhost:5001/api/books  
2020-04-12 17:58:17.9674|INFO|Microsoft.AspNetCore.Hosting.Internal.WebHost|Request finished in 11.0933ms 404 
2020-04-12 17:58:32.3247|INFO|Microsoft.AspNetCore.Hosting.Internal.WebHost|Request starting HTTP/1.1 GET https://localhost:5001/api/v1/books  
2020-04-12 17:58:32.3571|INFO|Microsoft.AspNetCore.Routing.EndpointMiddleware|Executing endpoint 'LibraryAssistant.API.Controllers.v1.BooksController.GetAllBooks (LibraryAssistant.API)'
2020-04-12 17:58:32.4126|INFO|Microsoft.AspNetCore.Mvc.Internal.ControllerActionInvoker|Route matched with {action = "GetAllBooks", controller = "Books", page = "", area = ""}. Executing controller action with signature System.Threading.Tasks.Task`1[Microsoft.AspNetCore.Mvc.IActionResult] GetAllBooks(LibraryAssistant.Core.Models.Requests.Books.BooksRequestParams) on controller LibraryAssistant.API.Controllers.v1.BooksController (LibraryAssistant.API).
2020-04-12 17:58:32.4496|INFO|Microsoft.AspNetCore.Authorization.DefaultAuthorizationService|Authorization failed.
2020-04-12 17:58:32.4550|INFO|Microsoft.AspNetCore.Mvc.Internal.ControllerActionInvoker|Authorization failed for the request at filter 'Microsoft.AspNetCore.Mvc.Authorization.AuthorizeFilter'.
2020-04-12 17:58:32.4706|INFO|Microsoft.AspNetCore.Mvc.ChallengeResult|Executing ChallengeResult with authentication schemes ().
2020-04-12 17:58:32.5041|INFO|Microsoft.AspNetCore.Authentication.JwtBearer.JwtBearerHandler|AuthenticationScheme: Bearer was challenged.
2020-04-12 17:58:32.5563|INFO|Microsoft.AspNetCore.Mvc.Internal.ControllerActionInvoker|Executed action LibraryAssistant.API.Controllers.v1.BooksController.GetAllBooks (LibraryAssistant.API) in 90.8959ms
2020-04-12 17:58:32.5703|INFO|Microsoft.AspNetCore.Routing.EndpointMiddleware|Executed endpoint 'LibraryAssistant.API.Controllers.v1.BooksController.GetAllBooks (LibraryAssistant.API)'
2020-04-12 17:58:32.5814|INFO|Microsoft.AspNetCore.Hosting.Internal.WebHost|Request finished in 259.4539ms 401 
2020-04-12 17:59:07.0204|INFO|Microsoft.AspNetCore.Hosting.Internal.WebHost|Request starting HTTP/1.1 POST https://localhost:5001/api/v1/auth/login application/json-patch+json 50
2020-04-12 17:59:07.0472|INFO|Microsoft.AspNetCore.Routing.EndpointMiddleware|Executing endpoint 'LibraryAssistant.API.Controllers.v1.IdentityController.Login (LibraryAssistant.API)'
2020-04-12 17:59:07.0670|INFO|Microsoft.AspNetCore.Mvc.Internal.ControllerActionInvoker|Route matched with {action = "Login", controller = "Identity", page = "", area = ""}. Executing controller action with signature System.Threading.Tasks.Task`1[Microsoft.AspNetCore.Mvc.IActionResult] Login(LibraryAssistant.Core.Models.Identity.UserLoginRequest) on controller LibraryAssistant.API.Controllers.v1.IdentityController (LibraryAssistant.API).
2020-04-12 17:59:07.0670|INFO|Microsoft.AspNetCore.Authorization.DefaultAuthorizationService|Authorization failed.
2020-04-12 17:59:07.0771|INFO|Microsoft.AspNetCore.Mvc.Internal.ControllerActionInvoker|Authorization failed for the request at filter 'Microsoft.AspNetCore.Mvc.Authorization.AuthorizeFilter'.
2020-04-12 17:59:07.0771|INFO|Microsoft.AspNetCore.Mvc.ChallengeResult|Executing ChallengeResult with authentication schemes ().
2020-04-12 17:59:07.0771|INFO|Microsoft.AspNetCore.Authentication.JwtBearer.JwtBearerHandler|AuthenticationScheme: Bearer was challenged.
2020-04-12 17:59:07.0771|INFO|Microsoft.AspNetCore.Mvc.Internal.ControllerActionInvoker|Executed action LibraryAssistant.API.Controllers.v1.IdentityController.Login (LibraryAssistant.API) in 19.558ms
2020-04-12 17:59:07.0946|INFO|Microsoft.AspNetCore.Routing.EndpointMiddleware|Executed endpoint 'LibraryAssistant.API.Controllers.v1.IdentityController.Login (LibraryAssistant.API)'
2020-04-12 17:59:07.0946|INFO|Microsoft.AspNetCore.Hosting.Internal.WebHost|Request finished in 81.6484ms 401 
2020-04-12 17:59:16.3077|INFO|Microsoft.AspNetCore.Hosting.Internal.WebHost|Request starting HTTP/1.1 POST https://localhost:5001/api/v1/auth/login application/json-patch+json 50
2020-04-12 17:59:16.3178|INFO|Microsoft.AspNetCore.Routing.EndpointMiddleware|Executing endpoint 'LibraryAssistant.API.Controllers.v1.IdentityController.Login (LibraryAssistant.API)'
2020-04-12 17:59:16.3178|INFO|Microsoft.AspNetCore.Mvc.Internal.ControllerActionInvoker|Route matched with {action = "Login", controller = "Identity", page = "", area = ""}. Executing controller action with signature System.Threading.Tasks.Task`1[Microsoft.AspNetCore.Mvc.IActionResult] Login(LibraryAssistant.Core.Models.Identity.UserLoginRequest) on controller LibraryAssistant.API.Controllers.v1.IdentityController (LibraryAssistant.API).
2020-04-12 17:59:16.3303|INFO|Microsoft.AspNetCore.Authorization.DefaultAuthorizationService|Authorization failed.
2020-04-12 17:59:16.3303|INFO|Microsoft.AspNetCore.Mvc.Internal.ControllerActionInvoker|Authorization failed for the request at filter 'Microsoft.AspNetCore.Mvc.Authorization.AuthorizeFilter'.
2020-04-12 17:59:16.3429|INFO|Microsoft.AspNetCore.Mvc.ChallengeResult|Executing ChallengeResult with authentication schemes ().
2020-04-12 17:59:16.3429|INFO|Microsoft.AspNetCore.Authentication.JwtBearer.JwtBearerHandler|AuthenticationScheme: Bearer was challenged.
2020-04-12 17:59:16.3429|INFO|Microsoft.AspNetCore.Mvc.Internal.ControllerActionInvoker|Executed action LibraryAssistant.API.Controllers.v1.IdentityController.Login (LibraryAssistant.API) in 23.7041ms
2020-04-12 17:59:16.3429|INFO|Microsoft.AspNetCore.Routing.EndpointMiddleware|Executed endpoint 'LibraryAssistant.API.Controllers.v1.IdentityController.Login (LibraryAssistant.API)'
2020-04-12 17:59:16.3638|INFO|Microsoft.AspNetCore.Hosting.Internal.WebHost|Request finished in 64.3517ms 401 
2020-04-12 17:59:18.8366|INFO|Microsoft.AspNetCore.Hosting.Internal.WebHost|Request starting HTTP/1.1 POST https://localhost:5001/api/v1/auth/login application/json-patch+json 50
2020-04-12 17:59:18.8580|INFO|Microsoft.AspNetCore.Routing.EndpointMiddleware|Executing endpoint 'LibraryAssistant.API.Controllers.v1.IdentityController.Login (LibraryAssistant.API)'
2020-04-12 17:59:18.8580|INFO|Microsoft.AspNetCore.Mvc.Internal.ControllerActionInvoker|Route matched with {action = "Login", controller = "Identity", page = "", area = ""}. Executing controller action with signature System.Threading.Tasks.Task`1[Microsoft.AspNetCore.Mvc.IActionResult] Login(LibraryAssistant.Core.Models.Identity.UserLoginRequest) on controller LibraryAssistant.API.Controllers.v1.IdentityController (LibraryAssistant.API).
2020-04-12 17:59:18.8809|INFO|Microsoft.AspNetCore.Authorization.DefaultAuthorizationService|Authorization failed.
2020-04-12 17:59:18.8909|INFO|Microsoft.AspNetCore.Mvc.Internal.ControllerActionInvoker|Authorization failed for the request at filter 'Microsoft.AspNetCore.Mvc.Authorization.AuthorizeFilter'.
2020-04-12 17:59:18.8909|INFO|Microsoft.AspNetCore.Mvc.ChallengeResult|Executing ChallengeResult with authentication schemes ().
2020-04-12 17:59:18.9055|INFO|Microsoft.AspNetCore.Authentication.JwtBearer.JwtBearerHandler|AuthenticationScheme: Bearer was challenged.
2020-04-12 17:59:18.9055|INFO|Microsoft.AspNetCore.Mvc.Internal.ControllerActionInvoker|Executed action LibraryAssistant.API.Controllers.v1.IdentityController.Login (LibraryAssistant.API) in 32.8718ms
2020-04-12 17:59:18.9055|INFO|Microsoft.AspNetCore.Routing.EndpointMiddleware|Executed endpoint 'LibraryAssistant.API.Controllers.v1.IdentityController.Login (LibraryAssistant.API)'
2020-04-12 17:59:18.9245|INFO|Microsoft.AspNetCore.Hosting.Internal.WebHost|Request finished in 87.9429ms 401 
2020-04-12 18:00:30.9332|WARN|Microsoft.EntityFrameworkCore.Model.Validation|No type was specified for the decimal column 'CoverPrice' on entity type 'Books'. This will cause values to be silently truncated if they do not fit in the default precision and scale. Explicitly specify the SQL server column type that can accommodate all the values using 'HasColumnType()'.
2020-04-12 18:00:31.0213|WARN|Microsoft.EntityFrameworkCore.Model.Validation|No type was specified for the decimal column 'PenaltyFee' on entity type 'BooksActivity'. This will cause values to be silently truncated if they do not fit in the default precision and scale. Explicitly specify the SQL server column type that can accommodate all the values using 'HasColumnType()'.
2020-04-12 18:00:31.1102|INFO|Microsoft.EntityFrameworkCore.Infrastructure|Entity Framework Core 2.2.4-servicing-10062 initialized 'DataContext' using provider 'Microsoft.EntityFrameworkCore.SqlServer' with options: None
2020-04-12 18:01:16.4163|WARN|Microsoft.EntityFrameworkCore.Model.Validation|No type was specified for the decimal column 'CoverPrice' on entity type 'Books'. This will cause values to be silently truncated if they do not fit in the default precision and scale. Explicitly specify the SQL server column type that can accommodate all the values using 'HasColumnType()'.
2020-04-12 18:01:16.5041|WARN|Microsoft.EntityFrameworkCore.Model.Validation|No type was specified for the decimal column 'PenaltyFee' on entity type 'BooksActivity'. This will cause values to be silently truncated if they do not fit in the default precision and scale. Explicitly specify the SQL server column type that can accommodate all the values using 'HasColumnType()'.
2020-04-12 18:01:16.5770|INFO|Microsoft.EntityFrameworkCore.Infrastructure|Entity Framework Core 2.2.4-servicing-10062 initialized 'DataContext' using provider 'Microsoft.EntityFrameworkCore.SqlServer' with options: None
